2018-05-14T03:06:37.421+0200 [initandlisten] MongoDB starting : pid=5300 port=27017 dbpath=data/db/ 64-bit host=JARVIS
2018-05-14T03:06:37.421+0200 [initandlisten] db version v2.6.10
2018-05-14T03:06:37.421+0200 [initandlisten] git version: nogitversion
2018-05-14T03:06:37.421+0200 [initandlisten] OpenSSL version: OpenSSL 1.0.2g  1 Mar 2016
2018-05-14T03:06:37.421+0200 [initandlisten] build info: Linux lgw01-12 3.19.0-25-generic #26~14.04.1-Ubuntu SMP Fri Jul 24 21:16:20 UTC 2015 x86_64 BOOST_LIB_VERSION=1_58
2018-05-14T03:06:37.421+0200 [initandlisten] allocator: tcmalloc
2018-05-14T03:06:37.421+0200 [initandlisten] options: { storage: { dbPath: "data/db/" }, systemLog: { destination: "file", path: "data/db-log/mongodb.log" } }
2018-05-14T03:06:37.424+0200 [initandlisten] journal dir=data/db/journal
2018-05-14T03:06:37.425+0200 [initandlisten] recover begin
2018-05-14T03:06:37.425+0200 [initandlisten] recover lsn: 0
2018-05-14T03:06:37.425+0200 [initandlisten] recover data/db/journal/j._0
2018-05-14T03:06:37.430+0200 [initandlisten] recover cleaning up
2018-05-14T03:06:37.430+0200 [initandlisten] removeJournalFiles
2018-05-14T03:06:37.433+0200 [initandlisten] recover done
2018-05-14T03:06:37.467+0200 [initandlisten] mincore failed: errno:38 Function not implemented
2018-05-14T03:06:37.467+0200 [initandlisten] mincore failed: errno:38 Function not implemented
2018-05-14T03:06:37.470+0200 [initandlisten] couldn't unlink socket file /tmp/mongodb-27017.sockerrno:1 Operation not permitted skipping
2018-05-14T03:06:37.472+0200 [initandlisten] mincore failed: errno:38 Function not implemented
2018-05-14T03:06:37.472+0200 [initandlisten] mincore failed: errno:38 Function not implemented
2018-05-14T03:06:37.472+0200 [initandlisten] waiting for connections on port 27017
2018-05-14T03:06:51.564+0200 [initandlisten] connection accepted from 127.0.0.1:9776 #1 (1 connection now open)
2018-05-14T03:06:52.209+0200 [initandlisten] connection accepted from 127.0.0.1:9777 #2 (2 connections now open)
2018-05-14T03:06:52.255+0200 [conn2] allocating new ns file data/db/foo.ns, filling with zeroes...
2018-05-14T03:06:52.295+0200 [FileAllocator] allocating new datafile data/db/foo.0, filling with zeroes...
2018-05-14T03:06:52.295+0200 [FileAllocator] creating directory data/db/_tmp
2018-05-14T03:06:52.300+0200 [FileAllocator] done allocating datafile data/db/foo.0, size: 64MB,  took 0.003 secs
2018-05-14T03:06:52.302+0200 [conn2] mincore failed: errno:38 Function not implemented
2018-05-14T03:06:52.302+0200 [conn2] mincore failed: errno:38 Function not implemented
2018-05-14T03:06:52.302+0200 [conn2] mincore failed: errno:38 Function not implemented
2018-05-14T03:06:52.302+0200 [conn2] build index on: foo.bar properties: { v: 1, key: { _id: 1 }, name: "_id_", ns: "foo.bar" }
2018-05-14T03:06:52.302+0200 [conn2] mincore failed: errno:38 Function not implemented
2018-05-14T03:06:52.302+0200 [conn2] mincore failed: errno:38 Function not implemented
2018-05-14T03:06:52.302+0200 [conn2] 	 added index to empty collection
2018-05-14T03:06:56.111+0200 [conn1] end connection 127.0.0.1:9776 (1 connection now open)
2018-05-14T03:06:56.111+0200 [conn2] end connection 127.0.0.1:9777 (0 connections now open)
2018-05-14T03:07:37.482+0200 [clientcursormon] mem (MB) res:35 virt:704198
2018-05-14T03:07:37.482+0200 [clientcursormon]  mapped (incl journal view):320
2018-05-14T03:07:37.482+0200 [clientcursormon]  connections:0
2018-05-14T03:08:42.010+0200 [signalProcessingThread] got signal 2 (Interrupt), will terminate after current cmd ends
2018-05-14T03:08:42.010+0200 [signalProcessingThread] now exiting
2018-05-14T03:08:42.010+0200 [signalProcessingThread] dbexit: 
2018-05-14T03:08:42.010+0200 [signalProcessingThread] shutdown: going to close listening sockets...
2018-05-14T03:08:42.010+0200 [signalProcessingThread] closing listening socket: 8
2018-05-14T03:08:42.010+0200 [signalProcessingThread] shutdown: going to flush diaglog...
2018-05-14T03:08:42.010+0200 [initandlisten] Port 27017 is no longer valid
2018-05-14T03:08:42.010+0200 [signalProcessingThread] shutdown: going to close sockets...
2018-05-14T03:08:42.010+0200 [signalProcessingThread] shutdown: waiting for fs preallocator...
2018-05-14T03:08:42.010+0200 [signalProcessingThread] shutdown: lock for final commit...
2018-05-14T03:08:42.010+0200 [signalProcessingThread] shutdown: final commit...
2018-05-14T03:08:42.012+0200 [signalProcessingThread] shutdown: closing all files...
2018-05-14T03:08:42.017+0200 [signalProcessingThread] closeAllFiles() finished
2018-05-14T03:08:42.017+0200 [signalProcessingThread] journalCleanup...
2018-05-14T03:08:42.017+0200 [signalProcessingThread] removeJournalFiles
2018-05-14T03:08:42.023+0200 [signalProcessingThread] shutdown: removing fs lock...
2018-05-14T03:08:42.024+0200 [signalProcessingThread] dbexit: really exiting now
